C:\Projects\vscode\graphql-search\src\main\java\com\example\graphql\product\repository\search\ProductSearchRepository.java:43: error: <identifier> expected
        System.out.println("DEBUG [" + count + "]: Sending query to Elasticsearch...");
                          ^
C:\Projects\vscode\graphql-search\src\main\java\com\example\graphql\product\repository\search\ProductSearchRepository.java:43: error: illegal start of type
        System.out.println("DEBUG [" + count + "]: Sending query to Elasticsearch...");
                           ^
C:\Projects\vscode\graphql-search\src\main\java\com\example\graphql\product\repository\search\ProductSearchRepository.java:44: error: <identifier> expected
        QueryContext.set("Hibernate Search - Phase 2 (Entity Loading)");
                        ^
C:\Projects\vscode\graphql-search\src\main\java\com\example\graphql\product\repository\search\ProductSearchRepository.java:44: error: illegal start of type
        QueryContext.set("Hibernate Search - Phase 2 (Entity Loading)");
                         ^
C:\Projects\vscode\graphql-search\src\main\java\com\example\graphql\product\repository\search\ProductSearchRepository.java:45: error: 'var' is not allowed here
        var result = query.fetch(page * size, size);
        ^
C:\Projects\vscode\graphql-search\src\main\java\com\example\graphql\product\repository\search\ProductSearchRepository.java:46: error: <identifier> expected
        QueryContext.set("Mapping Results");
                        ^
C:\Projects\vscode\graphql-search\src\main\java\com\example\graphql\product\repository\search\ProductSearchRepository.java:46: error: illegal start of type
        QueryContext.set("Mapping Results");
                         ^
C:\Projects\vscode\graphql-search\src\main\java\com\example\graphql\product\repository\search\ProductSearchRepository.java:48: error: illegal start of type
        return new ProductSearchInternalResponse(
        ^
C:\Projects\vscode\graphql-search\src\main\java\com\example\graphql\product\repository\search\ProductSearchRepository.java:48: error: invalid method declaration; return type required
        return new ProductSearchInternalResponse(
                   ^
C:\Projects\vscode\graphql-search\src\main\java\com\example\graphql\product\repository\search\ProductSearchRepository.java:49: error: <identifier> expected
            result.hits(),
                       ^
C:\Projects\vscode\graphql-search\src\main\java\com\example\graphql\product\repository\search\ProductSearchRepository.java:53: error: <identifier> expected
            (int) Math.ceil((double) result.total().hitCount() / size)
                ^
C:\Projects\vscode\graphql-search\src\main\java\com\example\graphql\product\repository\search\ProductSearchRepository.java:53: error: <identifier> expected
            (int) Math.ceil((double) result.total().hitCount() / size)
                           ^
C:\Projects\vscode\graphql-search\src\main\java\com\example\graphql\product\repository\search\ProductSearchRepository.java:53: error: illegal start of type
            (int) Math.ceil((double) result.total().hitCount() / size)
                            ^
C:\Projects\vscode\graphql-search\src\main\java\com\example\graphql\product\repository\search\ProductSearchRepository.java:53: error: <identifier> expected
            (int) Math.ceil((double) result.total().hitCount() / size)
                                   ^
C:\Projects\vscode\graphql-search\src\main\java\com\example\graphql\product\repository\search\ProductSearchRepository.java:53: error: <identifier> expected
            (int) Math.ceil((double) result.total().hitCount() / size)
                                                 ^
C:\Projects\vscode\graphql-search\src\main\java\com\example\graphql\product\repository\search\ProductSearchRepository.java:53: error: ';' expected
            (int) Math.ceil((double) result.total().hitCount() / size)
                                                   ^
C:\Projects\vscode\graphql-search\src\main\java\com\example\graphql\product\repository\search\ProductSearchRepository.java:57: error: unnamed classes are a preview feature and are disabled by default.
    private void applyFullTextSearch(SearchPredicateFactory f, BooleanPredicateClausesStep<?> bool, String text, List<CustomFieldDefinition> customFields) {
            ^
  (use --enable-preview to enable unnamed classes)
C:\Projects\vscode\graphql-search\src\main\java\com\example\graphql\product\repository\search\ProductSearchRepository.java:172: error: class, interface, enum, or record expected
}
^
C:\Projects\vscode\graphql-search\src\main\java\com\example\graphql\product\repository\search\ProductSearchRepository.java:1: error: unnamed class should not have package declaration
package com.example.graphql.product.repository.search;
^
19 errors

FAILURE: Build failed with an exception.

* What went wrong:
Execution failed for task ':compileJava'.
> Compilation failed; see the compiler output below.
  C:\Projects\vscode\graphql-search\src\main\java\com\example\graphql\product\repository\search\ProductSearchRepository.java:57: error: unnamed classes are a preview feature and are disabled by default.
      private void applyFullTextSearch(SearchPredicateFactory f, BooleanPredicateClausesStep<?> bool, String text, List<CustomFieldDefinition> customFields) {
              ^
    (use --enable-preview to enable unnamed classes)
  C:\Projects\vscode\graphql-search\src\main\java\com\example\graphql\product\repository\search\ProductSearchRepository.java:45: error: 'var' is not allowed here
          var result = query.fetch(page * size, size);
          ^
  C:\Projects\vscode\graphql-search\src\main\java\com\example\graphql\product\repository\search\ProductSearchRepository.java:172: error: class, interface, enum, or record expected
  }
  ^
  C:\Projects\vscode\graphql-search\src\main\java\com\example\graphql\product\repository\search\ProductSearchRepository.java:43: error: illegal start of type
          System.out.println("DEBUG [" + count + "]: Sending query to Elasticsearch...");
                             ^
  C:\Projects\vscode\graphql-search\src\main\java\com\example\graphql\product\repository\search\ProductSearchRepository.java:44: error: illegal start of type
          QueryContext.set("Hibernate Search - Phase 2 (Entity Loading)");
                           ^
  C:\Projects\vscode\graphql-search\src\main\java\com\example\graphql\product\repository\search\ProductSearchRepository.java:46: error: illegal start of type
          QueryContext.set("Mapping Results");
                           ^
  C:\Projects\vscode\graphql-search\src\main\java\com\example\graphql\product\repository\search\ProductSearchRepository.java:48: error: illegal start of type
          return new ProductSearchInternalResponse(
          ^
  C:\Projects\vscode\graphql-search\src\main\java\com\example\graphql\product\repository\search\ProductSearchRepository.java:53: error: illegal start of type
              (int) Math.ceil((double) result.total().hitCount() / size)
                              ^
  C:\Projects\vscode\graphql-search\src\main\java\com\example\graphql\product\repository\search\ProductSearchRepository.java:1: error: unnamed class should not have package declaration
  package com.example.graphql.product.repository.search;
  ^
  C:\Projects\vscode\graphql-search\src\main\java\com\example\graphql\product\repository\search\ProductSearchRepository.java:48: error: invalid method declaration; return type required
          return new ProductSearchInternalResponse(
                     ^
  C:\Projects\vscode\graphql-search\src\main\java\com\example\graphql\product\repository\search\ProductSearchRepository.java:43: error: <identifier> expected
          System.out.println("DEBUG [" + count + "]: Sending query to Elasticsearch...");
                            ^
  C:\Projects\vscode\graphql-search\src\main\java\com\example\graphql\product\repository\search\ProductSearchRepository.java:44: error: <identifier> expected
          QueryContext.set("Hibernate Search - Phase 2 (Entity Loading)");
                          ^
  C:\Projects\vscode\graphql-search\src\main\java\com\example\graphql\product\repository\search\ProductSearchRepository.java:46: error: <identifier> expected
          QueryContext.set("Mapping Results");
                          ^
  C:\Projects\vscode\graphql-search\src\main\java\com\example\graphql\product\repository\search\ProductSearchRepository.java:49: error: <identifier> expected
              result.hits(),
                         ^
  C:\Projects\vscode\graphql-search\src\main\java\com\example\graphql\product\repository\search\ProductSearchRepository.java:53: error: <identifier> expected
              (int) Math.ceil((double) result.total().hitCount() / size)
                  ^
  C:\Projects\vscode\graphql-search\src\main\java\com\example\graphql\product\repository\search\ProductSearchRepository.java:53: error: <identifier> expected
              (int) Math.ceil((double) result.total().hitCount() / size)
                             ^
  C:\Projects\vscode\graphql-search\src\main\java\com\example\graphql\product\repository\search\ProductSearchRepository.java:53: error: <identifier> expected
              (int) Math.ceil((double) result.total().hitCount() / size)
                                     ^
  C:\Projects\vscode\graphql-search\src\main\java\com\example\graphql\product\repository\search\ProductSearchRepository.java:53: error: <identifier> expected
              (int) Math.ceil((double) result.total().hitCount() / size)
                                                   ^
  C:\Projects\vscode\graphql-search\src\main\java\com\example\graphql\product\repository\search\ProductSearchRepository.java:53: error: ';' expected
              (int) Math.ceil((double) result.total().hitCount() / size)
                                                     ^
  19 errors

* Try:
> Check your code and dependencies to fix the compilation error(s)
> Run with --scan to generate a Build Scan (powered by Develocity).

> Task :compileJava FAILED